2026-05-01 00:00:03,434 | INFO     | 🚀 同步任务开始 | 时间: 2026-05-01 00:00:03.434663
2026-05-01 00:00:04,158 | INFO     | 🔐 认证成功，获取 Token。
2026-05-01 00:00:04,159 | INFO     | 🔍 解析目标组 ID...
2026-05-01 00:00:04,787 | INFO     | 📡 正在获取所有启用的用户...
2026-05-01 00:00:04,979 | INFO     | ✅ 成功获取 125 个启用的用户。
2026-05-01 00:00:04,980 | INFO     | 📋 用户统计 | 总计: 125 | 有License: 114
2026-05-01 00:00:05,203 | INFO     | 🔄 组 'SG-Users-Security' | 待添加: 0 | 待移除: 0
2026-05-01 00:00:05,340 | INFO     | 🔄 组 'TH-Users-Security' | 待添加: 0 | 待移除: 0
2026-05-01 00:00:05,519 | INFO     | 🔄 组 'VN-Users-Security' | 待添加: 0 | 待移除: 0
2026-05-01 00:00:05,615 | INFO     | 🔄 组 'MY-Users-Security' | 待添加: 0 | 待移除: 0
2026-05-01 00:00:05,616 | INFO     | 
==================================================
📊 任务完成总结
==================================================
⏱️  运行时长: 2.18 秒
➕ 成功添加: 0
➖ 成功移除: 0
❌ 操作错误: 0
✅ 任务状态: 成功
2026-05-02 00:00:03,032 | INFO     | 🚀 同步任务开始 | 时间: 2026-05-02 00:00:03.032622
2026-05-02 00:00:04,051 | INFO     | 🔐 认证成功，获取 Token。
2026-05-02 00:00:04,052 | INFO     | 🔍 解析目标组 ID...
2026-05-02 00:00:04,860 | INFO     | 📡 正在获取所有启用的用户...
2026-05-02 00:00:05,654 | INFO     | ✅ 成功获取 125 个启用的用户。
2026-05-02 00:00:05,655 | INFO     | 📋 用户统计 | 总计: 125 | 有License: 114
2026-05-02 00:00:05,881 | INFO     | 🔄 组 'SG-Users-Security' | 待添加: 0 | 待移除: 0
2026-05-02 00:00:05,961 | INFO     | 🔄 组 'TH-Users-Security' | 待添加: 0 | 待移除: 0
2026-05-02 00:00:06,109 | INFO     | 🔄 组 'VN-Users-Security' | 待添加: 0 | 待移除: 0
2026-05-02 00:00:06,253 | INFO     | 🔄 组 'MY-Users-Security' | 待添加: 0 | 待移除: 0
2026-05-02 00:00:06,253 | INFO     | 
==================================================
📊 任务完成总结
==================================================
⏱️  运行时长: 3.22 秒
➕ 成功添加: 0
➖ 成功移除: 0
❌ 操作错误: 0
✅ 任务状态: 成功
2026-05-03 00:00:02,840 | INFO     | 🚀 同步任务开始 | 时间: 2026-05-03 00:00:02.840747
2026-05-03 00:00:03,501 | INFO     | 🔐 认证成功，获取 Token。
2026-05-03 00:00:03,502 | INFO     | 🔍 解析目标组 ID...
2026-05-03 00:00:04,207 | INFO     | 📡 正在获取所有启用的用户...
2026-05-03 00:00:04,328 | INFO     | ✅ 成功获取 125 个启用的用户。
2026-05-03 00:00:04,329 | INFO     | 📋 用户统计 | 总计: 125 | 有License: 114
2026-05-03 00:00:04,524 | INFO     | 🔄 组 'SG-Users-Security' | 待添加: 0 | 待移除: 0
2026-05-03 00:00:04,659 | INFO     | 🔄 组 'TH-Users-Security' | 待添加: 0 | 待移除: 0
2026-05-03 00:00:04,811 | INFO     | 🔄 组 'VN-Users-Security' | 待添加: 0 | 待移除: 0
2026-05-03 00:00:04,905 | INFO     | 🔄 组 'MY-Users-Security' | 待添加: 0 | 待移除: 0
2026-05-03 00:00:04,906 | INFO     | 
==================================================
📊 任务完成总结
==================================================
⏱️  运行时长: 2.07 秒
➕ 成功添加: 0
➖ 成功移除: 0
❌ 操作错误: 0
✅ 任务状态: 成功
2026-05-04 00:00:02,705 | INFO     | 🚀 同步任务开始 | 时间: 2026-05-04 00:00:02.704968
2026-05-04 00:00:03,365 | INFO     | 🔐 认证成功，获取 Token。
2026-05-04 00:00:03,366 | INFO     | 🔍 解析目标组 ID...
2026-05-04 00:00:04,062 | INFO     | 📡 正在获取所有启用的用户...
2026-05-04 00:00:04,281 | INFO     | ✅ 成功获取 125 个启用的用户。
2026-05-04 00:00:04,282 | INFO     | 📋 用户统计 | 总计: 125 | 有License: 114
2026-05-04 00:00:04,519 | INFO     | 🔄 组 'SG-Users-Security' | 待添加: 0 | 待移除: 0
2026-05-04 00:00:04,670 | INFO     | 🔄 组 'TH-Users-Security' | 待添加: 0 | 待移除: 0
2026-05-04 00:00:04,804 | INFO     | 🔄 组 'VN-Users-Security' | 待添加: 0 | 待移除: 0
2026-05-04 00:00:04,949 | INFO     | 🔄 组 'MY-Users-Security' | 待添加: 0 | 待移除: 0
2026-05-04 00:00:04,950 | INFO     | 
==================================================
📊 任务完成总结
==================================================
⏱️  运行时长: 2.25 秒
➕ 成功添加: 0
➖ 成功移除: 0
❌ 操作错误: 0
✅ 任务状态: 成功
2026-05-05 00:00:03,440 | INFO     | 🚀 同步任务开始 | 时间: 2026-05-05 00:00:03.440565
2026-05-05 00:00:03,956 | INFO     | 🔐 认证成功，获取 Token。
2026-05-05 00:00:03,957 | INFO     | 🔍 解析目标组 ID...
2026-05-05 00:00:04,736 | INFO     | 📡 正在获取所有启用的用户...
2026-05-05 00:00:04,930 | INFO     | ✅ 成功获取 125 个启用的用户。
2026-05-05 00:00:04,930 | INFO     | 📋 用户统计 | 总计: 125 | 有License: 114
2026-05-05 00:00:05,217 | INFO     | 🔄 组 'SG-Users-Security' | 待添加: 0 | 待移除: 0
2026-05-05 00:00:05,347 | INFO     | 🔄 组 'TH-Users-Security' | 待添加: 0 | 待移除: 0
2026-05-05 00:00:05,546 | INFO     | 🔄 组 'VN-Users-Security' | 待添加: 0 | 待移除: 0
2026-05-05 00:00:05,654 | INFO     | 🔄 组 'MY-Users-Security' | 待添加: 0 | 待移除: 0
2026-05-05 00:00:05,655 | INFO     | 
==================================================
📊 任务完成总结
==================================================
⏱️  运行时长: 2.22 秒
➕ 成功添加: 0
➖ 成功移除: 0
❌ 操作错误: 0
✅ 任务状态: 成功
2026-05-06 00:00:03,574 | INFO     | 🚀 同步任务开始 | 时间: 2026-05-06 00:00:03.574930
2026-05-06 00:00:04,057 | INFO     | 🔐 认证成功，获取 Token。
2026-05-06 00:00:04,058 | INFO     | 🔍 解析目标组 ID...
2026-05-06 00:00:04,661 | INFO     | 📡 正在获取所有启用的用户...
2026-05-06 00:00:04,850 | INFO     | ✅ 成功获取 125 个启用的用户。
2026-05-06 00:00:04,851 | INFO     | 📋 用户统计 | 总计: 125 | 有License: 114
2026-05-06 00:00:05,101 | INFO     | 🔄 组 'SG-Users-Security' | 待添加: 0 | 待移除: 0
2026-05-06 00:00:05,238 | INFO     | 🔄 组 'TH-Users-Security' | 待添加: 0 | 待移除: 0
2026-05-06 00:00:05,390 | INFO     | 🔄 组 'VN-Users-Security' | 待添加: 0 | 待移除: 0
2026-05-06 00:00:05,526 | INFO     | 🔄 组 'MY-Users-Security' | 待添加: 0 | 待移除: 0
2026-05-06 00:00:05,527 | INFO     | 
==================================================
📊 任务完成总结
==================================================
⏱️  运行时长: 1.95 秒
➕ 成功添加: 0
➖ 成功移除: 0
❌ 操作错误: 0
✅ 任务状态: 成功
2026-05-07 00:00:03,588 | INFO     | 🚀 同步任务开始 | 时间: 2026-05-07 00:00:03.588818
2026-05-07 00:00:04,377 | INFO     | 🔐 认证成功，获取 Token。
2026-05-07 00:00:04,378 | INFO     | 🔍 解析目标组 ID...
2026-05-07 00:00:05,044 | INFO     | 📡 正在获取所有启用的用户...
2026-05-07 00:00:05,229 | INFO     | ✅ 成功获取 125 个启用的用户。
2026-05-07 00:00:05,230 | INFO     | 📋 用户统计 | 总计: 125 | 有License: 114
2026-05-07 00:00:05,440 | INFO     | 🔄 组 'SG-Users-Security' | 待添加: 0 | 待移除: 0
2026-05-07 00:00:05,626 | INFO     | 🔄 组 'TH-Users-Security' | 待添加: 0 | 待移除: 0
2026-05-07 00:00:05,774 | INFO     | 🔄 组 'VN-Users-Security' | 待添加: 0 | 待移除: 0
2026-05-07 00:00:05,922 | INFO     | 🔄 组 'MY-Users-Security' | 待添加: 0 | 待移除: 0
2026-05-07 00:00:05,923 | INFO     | 
==================================================
📊 任务完成总结
==================================================
⏱️  运行时长: 2.33 秒
➕ 成功添加: 0
➖ 成功移除: 0
❌ 操作错误: 0
✅ 任务状态: 成功
2026-05-08 00:00:02,925 | INFO     | 🚀 同步任务开始 | 时间: 2026-05-08 00:00:02.924949
2026-05-08 00:00:03,627 | INFO     | 🔐 认证成功，获取 Token。
2026-05-08 00:00:03,628 | INFO     | 🔍 解析目标组 ID...
2026-05-08 00:00:04,420 | INFO     | 📡 正在获取所有启用的用户...
2026-05-08 00:00:04,542 | INFO     | ✅ 成功获取 125 个启用的用户。
2026-05-08 00:00:04,542 | INFO     | 📋 用户统计 | 总计: 125 | 有License: 114
2026-05-08 00:00:04,696 | INFO     | 🔄 组 'SG-Users-Security' | 待添加: 0 | 待移除: 0
2026-05-08 00:00:04,843 | INFO     | 🔄 组 'TH-Users-Security' | 待添加: 0 | 待移除: 0
2026-05-08 00:00:04,990 | INFO     | 🔄 组 'VN-Users-Security' | 待添加: 0 | 待移除: 0
2026-05-08 00:00:05,143 | INFO     | 🔄 组 'MY-Users-Security' | 待添加: 0 | 待移除: 0
2026-05-08 00:00:05,144 | INFO     | 
==================================================
📊 任务完成总结
==================================================
⏱️  运行时长: 2.22 秒
➕ 成功添加: 0
➖ 成功移除: 0
❌ 操作错误: 0
✅ 任务状态: 成功
2026-05-09 00:00:03,050 | INFO     | 🚀 同步任务开始 | 时间: 2026-05-09 00:00:03.050331
2026-05-09 00:00:03,921 | INFO     | 🔐 认证成功，获取 Token。
2026-05-09 00:00:03,922 | INFO     | 🔍 解析目标组 ID...
2026-05-09 00:00:04,629 | INFO     | 📡 正在获取所有启用的用户...
2026-05-09 00:00:04,938 | INFO     | ✅ 成功获取 125 个启用的用户。
2026-05-09 00:00:04,939 | INFO     | 📋 用户统计 | 总计: 125 | 有License: 114
2026-05-09 00:00:05,319 | INFO     | 🔄 组 'SG-Users-Security' | 待添加: 0 | 待移除: 0
2026-05-09 00:00:05,441 | INFO     | 🔄 组 'TH-Users-Security' | 待添加: 0 | 待移除: 0
2026-05-09 00:00:05,664 | INFO     | 🔄 组 'VN-Users-Security' | 待添加: 0 | 待移除: 0
2026-05-09 00:00:05,894 | INFO     | 🔄 组 'MY-Users-Security' | 待添加: 0 | 待移除: 0
2026-05-09 00:00:05,895 | INFO     | 
==================================================
📊 任务完成总结
==================================================
⏱️  运行时长: 2.84 秒
➕ 成功添加: 0
➖ 成功移除: 0
❌ 操作错误: 0
✅ 任务状态: 成功
2026-05-10 00:00:02,798 | INFO     | 🚀 同步任务开始 | 时间: 2026-05-10 00:00:02.798383
2026-05-10 00:00:03,243 | INFO     | 🔐 认证成功，获取 Token。
2026-05-10 00:00:03,244 | INFO     | 🔍 解析目标组 ID...
2026-05-10 00:00:03,955 | INFO     | 📡 正在获取所有启用的用户...
2026-05-10 00:00:04,147 | INFO     | ✅ 成功获取 125 个启用的用户。
2026-05-10 00:00:04,148 | INFO     | 📋 用户统计 | 总计: 125 | 有License: 114
2026-05-10 00:00:04,373 | INFO     | 🔄 组 'SG-Users-Security' | 待添加: 0 | 待移除: 0
2026-05-10 00:00:04,494 | INFO     | 🔄 组 'TH-Users-Security' | 待添加: 0 | 待移除: 0
2026-05-10 00:00:04,568 | INFO     | 🔄 组 'VN-Users-Security' | 待添加: 0 | 待移除: 0
2026-05-10 00:00:04,718 | INFO     | 🔄 组 'MY-Users-Security' | 待添加: 0 | 待移除: 0
2026-05-10 00:00:04,719 | INFO     | 
==================================================
📊 任务完成总结
==================================================
⏱️  运行时长: 1.92 秒
➕ 成功添加: 0
➖ 成功移除: 0
❌ 操作错误: 0
✅ 任务状态: 成功
2026-05-11 00:00:02,786 | INFO     | 🚀 同步任务开始 | 时间: 2026-05-11 00:00:02.786228
2026-05-11 00:00:03,330 | INFO     | 🔐 认证成功，获取 Token。
2026-05-11 00:00:03,331 | INFO     | 🔍 解析目标组 ID...
2026-05-11 00:00:04,080 | INFO     | 📡 正在获取所有启用的用户...
2026-05-11 00:00:04,198 | INFO     | ✅ 成功获取 125 个启用的用户。
2026-05-11 00:00:04,199 | INFO     | 📋 用户统计 | 总计: 125 | 有License: 114
2026-05-11 00:00:04,398 | INFO     | 🔄 组 'SG-Users-Security' | 待添加: 0 | 待移除: 0
2026-05-11 00:00:04,554 | INFO     | 🔄 组 'TH-Users-Security' | 待添加: 0 | 待移除: 0
2026-05-11 00:00:04,682 | INFO     | 🔄 组 'VN-Users-Security' | 待添加: 0 | 待移除: 0
2026-05-11 00:00:04,764 | INFO     | 🔄 组 'MY-Users-Security' | 待添加: 0 | 待移除: 0
2026-05-11 00:00:04,765 | INFO     | 
==================================================
📊 任务完成总结
==================================================
⏱️  运行时长: 1.98 秒
➕ 成功添加: 0
➖ 成功移除: 0
❌ 操作错误: 0
✅ 任务状态: 成功
2026-05-12 00:00:03,414 | INFO     | 🚀 同步任务开始 | 时间: 2026-05-12 00:00:03.414338
2026-05-12 00:00:03,855 | INFO     | 🔐 认证成功，获取 Token。
2026-05-12 00:00:03,856 | INFO     | 🔍 解析目标组 ID...
2026-05-12 00:00:04,491 | INFO     | 📡 正在获取所有启用的用户...
2026-05-12 00:00:04,700 | INFO     | ✅ 成功获取 125 个启用的用户。
2026-05-12 00:00:04,700 | INFO     | 📋 用户统计 | 总计: 125 | 有License: 114
2026-05-12 00:00:04,957 | INFO     | 🔄 组 'SG-Users-Security' | 待添加: 0 | 待移除: 0
2026-05-12 00:00:05,121 | INFO     | 🔄 组 'TH-Users-Security' | 待添加: 0 | 待移除: 0
2026-05-12 00:00:05,210 | INFO     | 🔄 组 'VN-Users-Security' | 待添加: 0 | 待移除: 0
2026-05-12 00:00:05,382 | INFO     | 🔄 组 'MY-Users-Security' | 待添加: 0 | 待移除: 0
2026-05-12 00:00:05,384 | INFO     | 
==================================================
📊 任务完成总结
==================================================
⏱️  运行时长: 1.97 秒
➕ 成功添加: 0
➖ 成功移除: 0
❌ 操作错误: 0
✅ 任务状态: 成功
2026-05-13 00:00:03,181 | INFO     | 🚀 同步任务开始 | 时间: 2026-05-13 00:00:03.181340
2026-05-13 00:00:03,865 | INFO     | 🔐 认证成功，获取 Token。
2026-05-13 00:00:03,866 | INFO     | 🔍 解析目标组 ID...
2026-05-13 00:00:04,614 | INFO     | 📡 正在获取所有启用的用户...
2026-05-13 00:00:04,803 | INFO     | ✅ 成功获取 125 个启用的用户。
2026-05-13 00:00:04,803 | INFO     | 📋 用户统计 | 总计: 125 | 有License: 114
2026-05-13 00:00:05,046 | INFO     | 🔄 组 'SG-Users-Security' | 待添加: 0 | 待移除: 0
2026-05-13 00:00:05,202 | INFO     | 🔄 组 'TH-Users-Security' | 待添加: 0 | 待移除: 0
2026-05-13 00:00:05,304 | INFO     | 🔄 组 'VN-Users-Security' | 待添加: 0 | 待移除: 0
2026-05-13 00:00:05,411 | INFO     | 🔄 组 'MY-Users-Security' | 待添加: 0 | 待移除: 0
2026-05-13 00:00:05,412 | INFO     | 
==================================================
📊 任务完成总结
==================================================
⏱️  运行时长: 2.23 秒
➕ 成功添加: 0
➖ 成功移除: 0
❌ 操作错误: 0
✅ 任务状态: 成功
