2026-03-27 10:46:21,602 | INFO     | 🚀 同步任务开始 | 时间: 2026-03-27 10:46:21.602204
2026-03-27 10:46:22,072 | INFO     | 🔐 认证成功，获取 Token。
2026-03-27 10:46:22,074 | INFO     | 🔍 解析目标组 ID...
2026-03-27 10:46:22,780 | INFO     | 📡 正在获取所有启用的用户...
2026-03-27 10:46:22,922 | INFO     | ✅ 成功获取 120 个启用的用户。
2026-03-27 10:46:22,924 | INFO     | 📋 用户统计 | 总计: 120 | 有License: 111
2026-03-27 10:46:23,120 | INFO     | 🔄 组 'SG-Users-Security' | 待添加: 0 | 待移除: 0
2026-03-27 10:46:23,250 | INFO     | 🔄 组 'TH-Users-Security' | 待添加: 0 | 待移除: 0
2026-03-27 10:46:23,418 | INFO     | 🔄 组 'VN-Users-Security' | 待添加: 0 | 待移除: 0
2026-03-27 10:46:23,547 | INFO     | 🔄 组 'MY-Users-Security' | 待添加: 0 | 待移除: 0
2026-03-27 10:46:23,548 | INFO     | 
==================================================
📊 任务完成总结
==================================================
⏱️  运行时长: 1.95 秒
➕ 成功添加: 0
➖ 成功移除: 0
❌ 操作错误: 0
✅ 任务状态: 成功
2026-03-27 10:50:42,034 | INFO     | 🚀 同步任务开始 | 时间: 2026-03-27 10:50:42.034726
2026-03-27 10:50:42,689 | INFO     | 🔐 认证成功，获取 Token。
2026-03-27 10:50:42,690 | INFO     | 🔍 解析目标组 ID...
2026-03-27 10:50:43,434 | INFO     | 📡 正在获取所有启用的用户...
2026-03-27 10:50:43,593 | INFO     | ✅ 成功获取 120 个启用的用户。
2026-03-27 10:50:43,594 | INFO     | 📋 用户统计 | 总计: 120 | 有License: 111
2026-03-27 10:50:43,801 | INFO     | 🔄 组 'SG-Users-Security' | 待添加: 0 | 待移除: 0
2026-03-27 10:50:43,870 | INFO     | 🔄 组 'TH-Users-Security' | 待添加: 0 | 待移除: 0
2026-03-27 10:50:43,948 | INFO     | 🔄 组 'VN-Users-Security' | 待添加: 0 | 待移除: 0
2026-03-27 10:50:44,075 | INFO     | 🔄 组 'MY-Users-Security' | 待添加: 0 | 待移除: 0
2026-03-27 10:50:44,076 | INFO     | 
==================================================
📊 任务完成总结
==================================================
⏱️  运行时长: 2.04 秒
➕ 成功添加: 0
➖ 成功移除: 0
❌ 操作错误: 0
✅ 任务状态: 成功
2026-03-27 10:53:54,844 | INFO     | 🚀 同步任务开始 | 时间: 2026-03-27 10:53:54.844854
2026-03-27 10:53:55,569 | INFO     | 🔐 认证成功，获取 Token。
2026-03-27 10:53:55,570 | INFO     | 🔍 解析目标组 ID...
2026-03-27 10:53:56,308 | INFO     | 📡 正在获取所有启用的用户...
2026-03-27 10:53:56,467 | INFO     | ✅ 成功获取 120 个启用的用户。
2026-03-27 10:53:56,468 | INFO     | 📋 用户统计 | 总计: 120 | 有License: 111
2026-03-27 10:53:56,643 | INFO     | 🔄 组 'SG-Users-Security' | 待添加: 0 | 待移除: 0
2026-03-27 10:53:56,796 | INFO     | 🔄 组 'TH-Users-Security' | 待添加: 0 | 待移除: 0
2026-03-27 10:53:56,874 | INFO     | 🔄 组 'VN-Users-Security' | 待添加: 0 | 待移除: 0
2026-03-27 10:53:57,017 | INFO     | 🔄 组 'MY-Users-Security' | 待添加: 0 | 待移除: 0
2026-03-27 10:53:57,018 | INFO     | 
==================================================
📊 任务完成总结
==================================================
⏱️  运行时长: 2.17 秒
➕ 成功添加: 0
➖ 成功移除: 0
❌ 操作错误: 0
✅ 任务状态: 成功
2026-03-28 00:00:02,471 | INFO     | 🚀 同步任务开始 | 时间: 2026-03-28 00:00:02.471422
2026-03-28 00:00:02,984 | INFO     | 🔐 认证成功，获取 Token。
2026-03-28 00:00:02,985 | INFO     | 🔍 解析目标组 ID...
2026-03-28 00:00:03,705 | INFO     | 📡 正在获取所有启用的用户...
2026-03-28 00:00:03,936 | INFO     | ✅ 成功获取 120 个启用的用户。
2026-03-28 00:00:03,937 | INFO     | 📋 用户统计 | 总计: 120 | 有License: 111
2026-03-28 00:00:04,141 | INFO     | 🔄 组 'SG-Users-Security' | 待添加: 0 | 待移除: 0
2026-03-28 00:00:04,273 | INFO     | 🔄 组 'TH-Users-Security' | 待添加: 0 | 待移除: 0
2026-03-28 00:00:04,399 | INFO     | 🔄 组 'VN-Users-Security' | 待添加: 0 | 待移除: 0
2026-03-28 00:00:04,779 | INFO     | 🔄 组 'MY-Users-Security' | 待添加: 0 | 待移除: 0
2026-03-28 00:00:04,780 | INFO     | 
==================================================
📊 任务完成总结
==================================================
⏱️  运行时长: 2.31 秒
➕ 成功添加: 0
➖ 成功移除: 0
❌ 操作错误: 0
✅ 任务状态: 成功
2026-03-29 00:00:02,520 | INFO     | 🚀 同步任务开始 | 时间: 2026-03-29 00:00:02.520156
2026-03-29 00:00:02,915 | INFO     | 🔐 认证成功，获取 Token。
2026-03-29 00:00:02,916 | INFO     | 🔍 解析目标组 ID...
2026-03-29 00:00:03,674 | INFO     | 📡 正在获取所有启用的用户...
2026-03-29 00:00:03,859 | INFO     | ✅ 成功获取 120 个启用的用户。
2026-03-29 00:00:03,860 | INFO     | 📋 用户统计 | 总计: 120 | 有License: 111
2026-03-29 00:00:04,096 | INFO     | 🔄 组 'SG-Users-Security' | 待添加: 0 | 待移除: 0
2026-03-29 00:00:04,216 | INFO     | 🔄 组 'TH-Users-Security' | 待添加: 0 | 待移除: 0
2026-03-29 00:00:04,351 | INFO     | 🔄 组 'VN-Users-Security' | 待添加: 0 | 待移除: 0
2026-03-29 00:00:04,551 | INFO     | 🔄 组 'MY-Users-Security' | 待添加: 0 | 待移除: 0
2026-03-29 00:00:04,552 | INFO     | 
==================================================
📊 任务完成总结
==================================================
⏱️  运行时长: 2.03 秒
➕ 成功添加: 0
➖ 成功移除: 0
❌ 操作错误: 0
✅ 任务状态: 成功
2026-03-30 00:00:02,560 | INFO     | 🚀 同步任务开始 | 时间: 2026-03-30 00:00:02.560351
2026-03-30 00:00:03,213 | INFO     | 🔐 认证成功，获取 Token。
2026-03-30 00:00:03,214 | INFO     | 🔍 解析目标组 ID...
2026-03-30 00:00:03,910 | INFO     | 📡 正在获取所有启用的用户...
2026-03-30 00:00:04,026 | INFO     | ✅ 成功获取 120 个启用的用户。
2026-03-30 00:00:04,027 | INFO     | 📋 用户统计 | 总计: 120 | 有License: 111
2026-03-30 00:00:04,238 | INFO     | 🔄 组 'SG-Users-Security' | 待添加: 0 | 待移除: 0
2026-03-30 00:00:04,402 | INFO     | 🔄 组 'TH-Users-Security' | 待添加: 0 | 待移除: 0
2026-03-30 00:00:04,527 | INFO     | 🔄 组 'VN-Users-Security' | 待添加: 0 | 待移除: 0
2026-03-30 00:00:04,654 | INFO     | 🔄 组 'MY-Users-Security' | 待添加: 0 | 待移除: 0
2026-03-30 00:00:04,655 | INFO     | 
==================================================
📊 任务完成总结
==================================================
⏱️  运行时长: 2.09 秒
➕ 成功添加: 0
➖ 成功移除: 0
❌ 操作错误: 0
✅ 任务状态: 成功
2026-03-31 00:00:02,557 | INFO     | 🚀 同步任务开始 | 时间: 2026-03-31 00:00:02.557656
2026-03-31 00:00:03,219 | INFO     | 🔐 认证成功，获取 Token。
2026-03-31 00:00:03,220 | INFO     | 🔍 解析目标组 ID...
2026-03-31 00:00:03,927 | INFO     | 📡 正在获取所有启用的用户...
2026-03-31 00:00:04,154 | INFO     | ✅ 成功获取 120 个启用的用户。
2026-03-31 00:00:04,155 | INFO     | 📋 用户统计 | 总计: 120 | 有License: 111
2026-03-31 00:00:04,366 | INFO     | 🔄 组 'SG-Users-Security' | 待添加: 0 | 待移除: 0
2026-03-31 00:00:04,524 | INFO     | 🔄 组 'TH-Users-Security' | 待添加: 0 | 待移除: 0
2026-03-31 00:00:04,614 | INFO     | 🔄 组 'VN-Users-Security' | 待添加: 0 | 待移除: 0
2026-03-31 00:00:04,764 | INFO     | 🔄 组 'MY-Users-Security' | 待添加: 0 | 待移除: 0
2026-03-31 00:00:04,765 | INFO     | 
==================================================
📊 任务完成总结
==================================================
⏱️  运行时长: 2.21 秒
➕ 成功添加: 0
➖ 成功移除: 0
❌ 操作错误: 0
✅ 任务状态: 成功
