2026-04-01 00:00:02,463 | INFO     | 🚀 同步任务开始 | 时间: 2026-04-01 00:00:02.463224
2026-04-01 00:00:03,156 | INFO     | 🔐 认证成功，获取 Token。
2026-04-01 00:00:03,157 | INFO     | 🔍 解析目标组 ID...
2026-04-01 00:00:03,842 | INFO     | 📡 正在获取所有启用的用户...
2026-04-01 00:00:04,017 | INFO     | ✅ 成功获取 120 个启用的用户。
2026-04-01 00:00:04,018 | INFO     | 📋 用户统计 | 总计: 120 | 有License: 111
2026-04-01 00:00:04,234 | INFO     | 🔄 组 'SG-Users-Security' | 待添加: 0 | 待移除: 0
2026-04-01 00:00:04,356 | INFO     | 🔄 组 'TH-Users-Security' | 待添加: 0 | 待移除: 0
2026-04-01 00:00:04,487 | INFO     | 🔄 组 'VN-Users-Security' | 待添加: 0 | 待移除: 0
2026-04-01 00:00:04,627 | INFO     | 🔄 组 'MY-Users-Security' | 待添加: 0 | 待移除: 0
2026-04-01 00:00:04,628 | INFO     | 
==================================================
📊 任务完成总结
==================================================
⏱️  运行时长: 2.17 秒
➕ 成功添加: 0
➖ 成功移除: 0
❌ 操作错误: 0
✅ 任务状态: 成功
2026-04-02 00:00:02,401 | INFO     | 🚀 同步任务开始 | 时间: 2026-04-02 00:00:02.401364
2026-04-02 00:00:02,880 | INFO     | 🔐 认证成功，获取 Token。
2026-04-02 00:00:02,881 | INFO     | 🔍 解析目标组 ID...
2026-04-02 00:00:03,629 | INFO     | 📡 正在获取所有启用的用户...
2026-04-02 00:00:03,794 | INFO     | ✅ 成功获取 120 个启用的用户。
2026-04-02 00:00:03,795 | INFO     | 📋 用户统计 | 总计: 120 | 有License: 111
2026-04-02 00:00:04,000 | INFO     | 🔄 组 'SG-Users-Security' | 待添加: 0 | 待移除: 0
2026-04-02 00:00:04,140 | INFO     | 🔄 组 'TH-Users-Security' | 待添加: 0 | 待移除: 0
2026-04-02 00:00:04,298 | INFO     | 🔄 组 'VN-Users-Security' | 待添加: 0 | 待移除: 0
2026-04-02 00:00:04,381 | INFO     | 🔄 组 'MY-Users-Security' | 待添加: 0 | 待移除: 0
2026-04-02 00:00:04,382 | INFO     | 
==================================================
📊 任务完成总结
==================================================
⏱️  运行时长: 1.98 秒
➕ 成功添加: 0
➖ 成功移除: 0
❌ 操作错误: 0
✅ 任务状态: 成功
2026-04-03 00:00:02,572 | INFO     | 🚀 同步任务开始 | 时间: 2026-04-03 00:00:02.572199
2026-04-03 00:00:03,290 | INFO     | 🔐 认证成功，获取 Token。
2026-04-03 00:00:03,291 | INFO     | 🔍 解析目标组 ID...
2026-04-03 00:00:04,088 | INFO     | 📡 正在获取所有启用的用户...
2026-04-03 00:00:04,234 | INFO     | ✅ 成功获取 122 个启用的用户。
2026-04-03 00:00:04,235 | INFO     | 📋 用户统计 | 总计: 122 | 有License: 113
2026-04-03 00:00:04,394 | INFO     | 🔄 组 'SG-Users-Security' | 待添加: 2 | 待移除: 0
2026-04-03 00:00:04,900 | INFO     | 🔄 组 'TH-Users-Security' | 待添加: 0 | 待移除: 0
2026-04-03 00:00:04,985 | INFO     | 🔄 组 'VN-Users-Security' | 待添加: 0 | 待移除: 0
2026-04-03 00:00:05,124 | INFO     | 🔄 组 'MY-Users-Security' | 待添加: 0 | 待移除: 0
2026-04-03 00:00:05,125 | INFO     | 
==================================================
📊 任务完成总结
==================================================
⏱️  运行时长: 2.55 秒
➕ 成功添加: 2
➖ 成功移除: 0
❌ 操作错误: 0
✅ 任务状态: 成功
2026-04-04 00:00:02,574 | INFO     | 🚀 同步任务开始 | 时间: 2026-04-04 00:00:02.574907
2026-04-04 00:00:03,026 | INFO     | 🔐 认证成功，获取 Token。
2026-04-04 00:00:03,027 | INFO     | 🔍 解析目标组 ID...
2026-04-04 00:00:03,730 | INFO     | 📡 正在获取所有启用的用户...
2026-04-04 00:00:03,874 | INFO     | ✅ 成功获取 122 个启用的用户。
2026-04-04 00:00:03,875 | INFO     | 📋 用户统计 | 总计: 122 | 有License: 113
2026-04-04 00:00:04,094 | INFO     | 🔄 组 'SG-Users-Security' | 待添加: 0 | 待移除: 0
2026-04-04 00:00:04,216 | INFO     | 🔄 组 'TH-Users-Security' | 待添加: 0 | 待移除: 0
2026-04-04 00:00:04,338 | INFO     | 🔄 组 'VN-Users-Security' | 待添加: 0 | 待移除: 0
2026-04-04 00:00:04,412 | INFO     | 🔄 组 'MY-Users-Security' | 待添加: 0 | 待移除: 0
2026-04-04 00:00:04,413 | INFO     | 
==================================================
📊 任务完成总结
==================================================
⏱️  运行时长: 1.84 秒
➕ 成功添加: 0
➖ 成功移除: 0
❌ 操作错误: 0
✅ 任务状态: 成功
2026-04-05 00:00:02,459 | INFO     | 🚀 同步任务开始 | 时间: 2026-04-05 00:00:02.459138
2026-04-05 00:00:03,163 | INFO     | 🔐 认证成功，获取 Token。
2026-04-05 00:00:03,164 | INFO     | 🔍 解析目标组 ID...
2026-04-05 00:00:03,753 | INFO     | 📡 正在获取所有启用的用户...
2026-04-05 00:00:03,920 | INFO     | ✅ 成功获取 122 个启用的用户。
2026-04-05 00:00:03,921 | INFO     | 📋 用户统计 | 总计: 122 | 有License: 113
2026-04-05 00:00:04,070 | INFO     | 🔄 组 'SG-Users-Security' | 待添加: 0 | 待移除: 0
2026-04-05 00:00:04,213 | INFO     | 🔄 组 'TH-Users-Security' | 待添加: 0 | 待移除: 0
2026-04-05 00:00:04,345 | INFO     | 🔄 组 'VN-Users-Security' | 待添加: 0 | 待移除: 0
2026-04-05 00:00:04,437 | INFO     | 🔄 组 'MY-Users-Security' | 待添加: 0 | 待移除: 0
2026-04-05 00:00:04,438 | INFO     | 
==================================================
📊 任务完成总结
==================================================
⏱️  运行时长: 1.98 秒
➕ 成功添加: 0
➖ 成功移除: 0
❌ 操作错误: 0
✅ 任务状态: 成功
2026-04-06 00:00:02,608 | INFO     | 🚀 同步任务开始 | 时间: 2026-04-06 00:00:02.608284
2026-04-06 00:00:03,010 | INFO     | 🔐 认证成功，获取 Token。
2026-04-06 00:00:03,017 | INFO     | 🔍 解析目标组 ID...
2026-04-06 00:00:03,913 | INFO     | 📡 正在获取所有启用的用户...
2026-04-06 00:00:04,108 | INFO     | ✅ 成功获取 122 个启用的用户。
2026-04-06 00:00:04,109 | INFO     | 📋 用户统计 | 总计: 122 | 有License: 113
2026-04-06 00:00:04,318 | INFO     | 🔄 组 'SG-Users-Security' | 待添加: 0 | 待移除: 0
2026-04-06 00:00:04,408 | INFO     | 🔄 组 'TH-Users-Security' | 待添加: 0 | 待移除: 0
2026-04-06 00:00:04,490 | INFO     | 🔄 组 'VN-Users-Security' | 待添加: 0 | 待移除: 0
2026-04-06 00:00:04,632 | INFO     | 🔄 组 'MY-Users-Security' | 待添加: 0 | 待移除: 0
2026-04-06 00:00:04,633 | INFO     | 
==================================================
📊 任务完成总结
==================================================
⏱️  运行时长: 2.02 秒
➕ 成功添加: 0
➖ 成功移除: 0
❌ 操作错误: 0
✅ 任务状态: 成功
2026-04-07 00:00:02,843 | INFO     | 🚀 同步任务开始 | 时间: 2026-04-07 00:00:02.843871
2026-04-07 00:00:03,320 | INFO     | 🔐 认证成功，获取 Token。
2026-04-07 00:00:03,321 | INFO     | 🔍 解析目标组 ID...
2026-04-07 00:00:03,965 | INFO     | 📡 正在获取所有启用的用户...
2026-04-07 00:00:04,126 | INFO     | ✅ 成功获取 123 个启用的用户。
2026-04-07 00:00:04,127 | INFO     | 📋 用户统计 | 总计: 123 | 有License: 114
2026-04-07 00:00:04,396 | INFO     | 🔄 组 'SG-Users-Security' | 待添加: 1 | 待移除: 0
2026-04-07 00:00:04,716 | INFO     | 🔄 组 'TH-Users-Security' | 待添加: 0 | 待移除: 0
2026-04-07 00:00:04,853 | INFO     | 🔄 组 'VN-Users-Security' | 待添加: 0 | 待移除: 0
2026-04-07 00:00:04,999 | INFO     | 🔄 组 'MY-Users-Security' | 待添加: 0 | 待移除: 0
2026-04-07 00:00:04,999 | INFO     | 
==================================================
📊 任务完成总结
==================================================
⏱️  运行时长: 2.16 秒
➕ 成功添加: 1
➖ 成功移除: 0
❌ 操作错误: 0
✅ 任务状态: 成功
2026-04-08 00:00:02,500 | INFO     | 🚀 同步任务开始 | 时间: 2026-04-08 00:00:02.500009
2026-04-08 00:00:02,988 | INFO     | 🔐 认证成功，获取 Token。
2026-04-08 00:00:02,989 | INFO     | 🔍 解析目标组 ID...
2026-04-08 00:00:03,787 | INFO     | 📡 正在获取所有启用的用户...
2026-04-08 00:00:03,954 | INFO     | ✅ 成功获取 123 个启用的用户。
2026-04-08 00:00:03,955 | INFO     | 📋 用户统计 | 总计: 123 | 有License: 114
2026-04-08 00:00:04,164 | INFO     | 🔄 组 'SG-Users-Security' | 待添加: 0 | 待移除: 0
2026-04-08 00:00:04,288 | INFO     | 🔄 组 'TH-Users-Security' | 待添加: 0 | 待移除: 0
2026-04-08 00:00:04,423 | INFO     | 🔄 组 'VN-Users-Security' | 待添加: 0 | 待移除: 0
2026-04-08 00:00:04,565 | INFO     | 🔄 组 'MY-Users-Security' | 待添加: 0 | 待移除: 0
2026-04-08 00:00:04,566 | INFO     | 
==================================================
📊 任务完成总结
==================================================
⏱️  运行时长: 2.07 秒
➕ 成功添加: 0
➖ 成功移除: 0
❌ 操作错误: 0
✅ 任务状态: 成功
2026-04-09 00:00:02,528 | INFO     | 🚀 同步任务开始 | 时间: 2026-04-09 00:00:02.528694
2026-04-09 00:00:02,927 | INFO     | 🔐 认证成功，获取 Token。
2026-04-09 00:00:02,928 | INFO     | 🔍 解析目标组 ID...
2026-04-09 00:00:03,743 | INFO     | 📡 正在获取所有启用的用户...
2026-04-09 00:00:03,930 | INFO     | ✅ 成功获取 124 个启用的用户。
2026-04-09 00:00:03,930 | INFO     | 📋 用户统计 | 总计: 124 | 有License: 115
2026-04-09 00:00:04,158 | INFO     | 🔄 组 'SG-Users-Security' | 待添加: 0 | 待移除: 0
2026-04-09 00:00:04,292 | INFO     | 🔄 组 'TH-Users-Security' | 待添加: 0 | 待移除: 0
2026-04-09 00:00:04,439 | INFO     | 🔄 组 'VN-Users-Security' | 待添加: 1 | 待移除: 0
2026-04-09 00:00:04,888 | INFO     | 🔄 组 'MY-Users-Security' | 待添加: 0 | 待移除: 0
2026-04-09 00:00:04,889 | INFO     | 
==================================================
📊 任务完成总结
==================================================
⏱️  运行时长: 2.36 秒
➕ 成功添加: 1
➖ 成功移除: 0
❌ 操作错误: 0
✅ 任务状态: 成功
2026-04-10 00:00:02,650 | INFO     | 🚀 同步任务开始 | 时间: 2026-04-10 00:00:02.650555
2026-04-10 00:00:03,040 | INFO     | 🔐 认证成功，获取 Token。
2026-04-10 00:00:03,041 | INFO     | 🔍 解析目标组 ID...
2026-04-10 00:00:03,866 | INFO     | 📡 正在获取所有启用的用户...
2026-04-10 00:00:03,992 | INFO     | ✅ 成功获取 124 个启用的用户。
2026-04-10 00:00:03,993 | INFO     | 📋 用户统计 | 总计: 124 | 有License: 115
2026-04-10 00:00:04,201 | INFO     | 🔄 组 'SG-Users-Security' | 待添加: 0 | 待移除: 0
2026-04-10 00:00:04,334 | INFO     | 🔄 组 'TH-Users-Security' | 待添加: 0 | 待移除: 0
2026-04-10 00:00:04,417 | INFO     | 🔄 组 'VN-Users-Security' | 待添加: 0 | 待移除: 0
2026-04-10 00:00:04,560 | INFO     | 🔄 组 'MY-Users-Security' | 待添加: 0 | 待移除: 0
2026-04-10 00:00:04,561 | INFO     | 
==================================================
📊 任务完成总结
==================================================
⏱️  运行时长: 1.91 秒
➕ 成功添加: 0
➖ 成功移除: 0
❌ 操作错误: 0
✅ 任务状态: 成功
2026-04-11 00:00:03,029 | INFO     | 🚀 同步任务开始 | 时间: 2026-04-11 00:00:03.029459
2026-04-11 00:00:03,766 | INFO     | 🔐 认证成功，获取 Token。
2026-04-11 00:00:03,767 | INFO     | 🔍 解析目标组 ID...
2026-04-11 00:00:04,508 | INFO     | 📡 正在获取所有启用的用户...
2026-04-11 00:00:04,690 | INFO     | ✅ 成功获取 124 个启用的用户。
2026-04-11 00:00:04,691 | INFO     | 📋 用户统计 | 总计: 124 | 有License: 113
2026-04-11 00:00:04,908 | INFO     | 🔄 组 'SG-Users-Security' | 待添加: 0 | 待移除: 0
2026-04-11 00:00:05,004 | INFO     | 🔄 组 'TH-Users-Security' | 待添加: 0 | 待移除: 0
2026-04-11 00:00:05,195 | INFO     | 🔄 组 'VN-Users-Security' | 待添加: 0 | 待移除: 2
2026-04-11 00:00:05,975 | INFO     | 🔄 组 'MY-Users-Security' | 待添加: 0 | 待移除: 0
2026-04-11 00:00:05,976 | INFO     | 
==================================================
📊 任务完成总结
==================================================
⏱️  运行时长: 2.95 秒
➕ 成功添加: 0
➖ 成功移除: 2
❌ 操作错误: 0
✅ 任务状态: 成功
2026-04-12 00:00:03,233 | INFO     | 🚀 同步任务开始 | 时间: 2026-04-12 00:00:03.233647
2026-04-12 00:00:03,730 | INFO     | 🔐 认证成功，获取 Token。
2026-04-12 00:00:03,731 | INFO     | 🔍 解析目标组 ID...
2026-04-12 00:00:04,527 | INFO     | 📡 正在获取所有启用的用户...
2026-04-12 00:00:04,811 | INFO     | ✅ 成功获取 124 个启用的用户。
2026-04-12 00:00:04,812 | INFO     | 📋 用户统计 | 总计: 124 | 有License: 113
2026-04-12 00:00:05,046 | INFO     | 🔄 组 'SG-Users-Security' | 待添加: 0 | 待移除: 0
2026-04-12 00:00:05,187 | INFO     | 🔄 组 'TH-Users-Security' | 待添加: 0 | 待移除: 0
2026-04-12 00:00:05,327 | INFO     | 🔄 组 'VN-Users-Security' | 待添加: 0 | 待移除: 0
2026-04-12 00:00:05,729 | INFO     | 🔄 组 'MY-Users-Security' | 待添加: 0 | 待移除: 0
2026-04-12 00:00:05,730 | INFO     | 
==================================================
📊 任务完成总结
==================================================
⏱️  运行时长: 2.50 秒
➕ 成功添加: 0
➖ 成功移除: 0
❌ 操作错误: 0
✅ 任务状态: 成功
2026-04-13 00:00:03,043 | INFO     | 🚀 同步任务开始 | 时间: 2026-04-13 00:00:03.043868
2026-04-13 00:00:03,530 | INFO     | 🔐 认证成功，获取 Token。
2026-04-13 00:00:03,531 | INFO     | 🔍 解析目标组 ID...
2026-04-13 00:00:04,191 | INFO     | 📡 正在获取所有启用的用户...
2026-04-13 00:00:04,396 | INFO     | ✅ 成功获取 124 个启用的用户。
2026-04-13 00:00:04,397 | INFO     | 📋 用户统计 | 总计: 124 | 有License: 113
2026-04-13 00:00:04,619 | INFO     | 🔄 组 'SG-Users-Security' | 待添加: 0 | 待移除: 0
2026-04-13 00:00:04,707 | INFO     | 🔄 组 'TH-Users-Security' | 待添加: 0 | 待移除: 0
2026-04-13 00:00:04,871 | INFO     | 🔄 组 'VN-Users-Security' | 待添加: 0 | 待移除: 0
2026-04-13 00:00:05,018 | INFO     | 🔄 组 'MY-Users-Security' | 待添加: 0 | 待移除: 0
2026-04-13 00:00:05,019 | INFO     | 
==================================================
📊 任务完成总结
==================================================
⏱️  运行时长: 1.98 秒
➕ 成功添加: 0
➖ 成功移除: 0
❌ 操作错误: 0
✅ 任务状态: 成功
2026-04-14 00:00:03,146 | INFO     | 🚀 同步任务开始 | 时间: 2026-04-14 00:00:03.146034
2026-04-14 00:00:03,862 | INFO     | 🔐 认证成功，获取 Token。
2026-04-14 00:00:03,863 | INFO     | 🔍 解析目标组 ID...
2026-04-14 00:00:04,455 | INFO     | 📡 正在获取所有启用的用户...
2026-04-14 00:00:04,590 | INFO     | ✅ 成功获取 124 个启用的用户。
2026-04-14 00:00:04,591 | INFO     | 📋 用户统计 | 总计: 124 | 有License: 113
2026-04-14 00:00:04,807 | INFO     | 🔄 组 'SG-Users-Security' | 待添加: 0 | 待移除: 0
2026-04-14 00:00:04,929 | INFO     | 🔄 组 'TH-Users-Security' | 待添加: 0 | 待移除: 0
2026-04-14 00:00:05,062 | INFO     | 🔄 组 'VN-Users-Security' | 待添加: 0 | 待移除: 0
2026-04-14 00:00:05,214 | INFO     | 🔄 组 'MY-Users-Security' | 待添加: 0 | 待移除: 0
2026-04-14 00:00:05,215 | INFO     | 
==================================================
📊 任务完成总结
==================================================
⏱️  运行时长: 2.07 秒
➕ 成功添加: 0
➖ 成功移除: 0
❌ 操作错误: 0
✅ 任务状态: 成功
2026-04-15 00:00:03,275 | INFO     | 🚀 同步任务开始 | 时间: 2026-04-15 00:00:03.275158
2026-04-15 00:00:03,978 | INFO     | 🔐 认证成功，获取 Token。
2026-04-15 00:00:03,979 | INFO     | 🔍 解析目标组 ID...
2026-04-15 00:00:04,660 | INFO     | 📡 正在获取所有启用的用户...
2026-04-15 00:00:04,862 | INFO     | ✅ 成功获取 124 个启用的用户。
2026-04-15 00:00:04,863 | INFO     | 📋 用户统计 | 总计: 124 | 有License: 113
2026-04-15 00:00:05,079 | INFO     | 🔄 组 'SG-Users-Security' | 待添加: 0 | 待移除: 0
2026-04-15 00:00:05,240 | INFO     | 🔄 组 'TH-Users-Security' | 待添加: 0 | 待移除: 0
2026-04-15 00:00:05,386 | INFO     | 🔄 组 'VN-Users-Security' | 待添加: 0 | 待移除: 0
2026-04-15 00:00:05,471 | INFO     | 🔄 组 'MY-Users-Security' | 待添加: 0 | 待移除: 0
2026-04-15 00:00:05,471 | INFO     | 
==================================================
📊 任务完成总结
==================================================
⏱️  运行时长: 2.20 秒
➕ 成功添加: 0
➖ 成功移除: 0
❌ 操作错误: 0
✅ 任务状态: 成功
2026-04-16 00:00:03,200 | INFO     | 🚀 同步任务开始 | 时间: 2026-04-16 00:00:03.200810
2026-04-16 00:00:03,674 | INFO     | 🔐 认证成功，获取 Token。
2026-04-16 00:00:03,676 | INFO     | 🔍 解析目标组 ID...
2026-04-16 00:00:04,396 | INFO     | 📡 正在获取所有启用的用户...
2026-04-16 00:00:04,537 | INFO     | ✅ 成功获取 124 个启用的用户。
2026-04-16 00:00:04,538 | INFO     | 📋 用户统计 | 总计: 124 | 有License: 113
2026-04-16 00:00:04,783 | INFO     | 🔄 组 'SG-Users-Security' | 待添加: 0 | 待移除: 0
2026-04-16 00:00:04,866 | INFO     | 🔄 组 'TH-Users-Security' | 待添加: 0 | 待移除: 0
2026-04-16 00:00:05,018 | INFO     | 🔄 组 'VN-Users-Security' | 待添加: 0 | 待移除: 0
2026-04-16 00:00:05,101 | INFO     | 🔄 组 'MY-Users-Security' | 待添加: 0 | 待移除: 0
2026-04-16 00:00:05,102 | INFO     | 
==================================================
📊 任务完成总结
==================================================
⏱️  运行时长: 1.90 秒
➕ 成功添加: 0
➖ 成功移除: 0
❌ 操作错误: 0
✅ 任务状态: 成功
2026-04-17 00:00:03,270 | INFO     | 🚀 同步任务开始 | 时间: 2026-04-17 00:00:03.270250
2026-04-17 00:00:03,980 | INFO     | 🔐 认证成功，获取 Token。
2026-04-17 00:00:03,981 | INFO     | 🔍 解析目标组 ID...
2026-04-17 00:00:04,839 | INFO     | 📡 正在获取所有启用的用户...
2026-04-17 00:00:04,972 | INFO     | ✅ 成功获取 124 个启用的用户。
2026-04-17 00:00:04,973 | INFO     | 📋 用户统计 | 总计: 124 | 有License: 113
2026-04-17 00:00:05,173 | INFO     | 🔄 组 'SG-Users-Security' | 待添加: 0 | 待移除: 0
2026-04-17 00:00:05,349 | INFO     | 🔄 组 'TH-Users-Security' | 待添加: 0 | 待移除: 0
2026-04-17 00:00:05,497 | INFO     | 🔄 组 'VN-Users-Security' | 待添加: 0 | 待移除: 0
2026-04-17 00:00:05,640 | INFO     | 🔄 组 'MY-Users-Security' | 待添加: 0 | 待移除: 0
2026-04-17 00:00:05,641 | INFO     | 
==================================================
📊 任务完成总结
==================================================
⏱️  运行时长: 2.37 秒
➕ 成功添加: 0
➖ 成功移除: 0
❌ 操作错误: 0
✅ 任务状态: 成功
2026-04-18 00:00:03,353 | INFO     | 🚀 同步任务开始 | 时间: 2026-04-18 00:00:03.353623
2026-04-18 00:00:04,309 | INFO     | 🔐 认证成功，获取 Token。
2026-04-18 00:00:04,310 | INFO     | 🔍 解析目标组 ID...
2026-04-18 00:00:04,947 | INFO     | 📡 正在获取所有启用的用户...
2026-04-18 00:00:05,136 | INFO     | ✅ 成功获取 124 个启用的用户。
2026-04-18 00:00:05,983 | INFO     | 📋 用户统计 | 总计: 124 | 有License: 113
2026-04-18 00:00:06,238 | INFO     | 🔄 组 'SG-Users-Security' | 待添加: 0 | 待移除: 0
2026-04-18 00:00:06,393 | INFO     | 🔄 组 'TH-Users-Security' | 待添加: 0 | 待移除: 0
2026-04-18 00:00:06,561 | INFO     | 🔄 组 'VN-Users-Security' | 待添加: 0 | 待移除: 0
2026-04-18 00:00:06,695 | INFO     | 🔄 组 'MY-Users-Security' | 待添加: 0 | 待移除: 0
2026-04-18 00:00:07,402 | INFO     | 
==================================================
📊 任务完成总结
==================================================
⏱️  运行时长: 4.05 秒
➕ 成功添加: 0
➖ 成功移除: 0
❌ 操作错误: 0
✅ 任务状态: 成功
2026-04-19 00:00:03,402 | INFO     | 🚀 同步任务开始 | 时间: 2026-04-19 00:00:03.402853
2026-04-19 00:00:03,918 | INFO     | 🔐 认证成功，获取 Token。
2026-04-19 00:00:03,919 | INFO     | 🔍 解析目标组 ID...
2026-04-19 00:00:04,737 | INFO     | 📡 正在获取所有启用的用户...
2026-04-19 00:00:04,892 | INFO     | ✅ 成功获取 124 个启用的用户。
2026-04-19 00:00:04,893 | INFO     | 📋 用户统计 | 总计: 124 | 有License: 113
2026-04-19 00:00:05,128 | INFO     | 🔄 组 'SG-Users-Security' | 待添加: 0 | 待移除: 0
2026-04-19 00:00:05,272 | INFO     | 🔄 组 'TH-Users-Security' | 待添加: 0 | 待移除: 0
2026-04-19 00:00:05,423 | INFO     | 🔄 组 'VN-Users-Security' | 待添加: 0 | 待移除: 0
2026-04-19 00:00:05,573 | INFO     | 🔄 组 'MY-Users-Security' | 待添加: 0 | 待移除: 0
2026-04-19 00:00:05,574 | INFO     | 
==================================================
📊 任务完成总结
==================================================
⏱️  运行时长: 2.17 秒
➕ 成功添加: 0
➖ 成功移除: 0
❌ 操作错误: 0
✅ 任务状态: 成功
2026-04-20 00:00:03,334 | INFO     | 🚀 同步任务开始 | 时间: 2026-04-20 00:00:03.334731
2026-04-20 00:00:04,067 | INFO     | 🔐 认证成功，获取 Token。
2026-04-20 00:00:04,068 | INFO     | 🔍 解析目标组 ID...
2026-04-20 00:00:04,869 | INFO     | 📡 正在获取所有启用的用户...
2026-04-20 00:00:05,030 | INFO     | ✅ 成功获取 124 个启用的用户。
2026-04-20 00:00:05,030 | INFO     | 📋 用户统计 | 总计: 124 | 有License: 113
2026-04-20 00:00:05,282 | INFO     | 🔄 组 'SG-Users-Security' | 待添加: 0 | 待移除: 0
2026-04-20 00:00:05,430 | INFO     | 🔄 组 'TH-Users-Security' | 待添加: 0 | 待移除: 0
2026-04-20 00:00:05,570 | INFO     | 🔄 组 'VN-Users-Security' | 待添加: 0 | 待移除: 0
2026-04-20 00:00:05,717 | INFO     | 🔄 组 'MY-Users-Security' | 待添加: 0 | 待移除: 0
2026-04-20 00:00:05,718 | INFO     | 
==================================================
📊 任务完成总结
==================================================
⏱️  运行时长: 2.38 秒
➕ 成功添加: 0
➖ 成功移除: 0
❌ 操作错误: 0
✅ 任务状态: 成功
2026-04-21 00:00:03,400 | INFO     | 🚀 同步任务开始 | 时间: 2026-04-21 00:00:03.400395
2026-04-21 00:00:04,086 | INFO     | 🔐 认证成功，获取 Token。
2026-04-21 00:00:04,087 | INFO     | 🔍 解析目标组 ID...
2026-04-21 00:00:04,860 | INFO     | 📡 正在获取所有启用的用户...
2026-04-21 00:00:04,998 | INFO     | ✅ 成功获取 124 个启用的用户。
2026-04-21 00:00:04,999 | INFO     | 📋 用户统计 | 总计: 124 | 有License: 113
2026-04-21 00:00:05,262 | INFO     | 🔄 组 'SG-Users-Security' | 待添加: 0 | 待移除: 0
2026-04-21 00:00:05,423 | INFO     | 🔄 组 'TH-Users-Security' | 待添加: 0 | 待移除: 0
2026-04-21 00:00:05,554 | INFO     | 🔄 组 'VN-Users-Security' | 待添加: 0 | 待移除: 0
2026-04-21 00:00:05,643 | INFO     | 🔄 组 'MY-Users-Security' | 待添加: 0 | 待移除: 0
2026-04-21 00:00:05,644 | INFO     | 
==================================================
📊 任务完成总结
==================================================
⏱️  运行时长: 2.24 秒
➕ 成功添加: 0
➖ 成功移除: 0
❌ 操作错误: 0
✅ 任务状态: 成功
2026-04-22 00:00:03,328 | INFO     | 🚀 同步任务开始 | 时间: 2026-04-22 00:00:03.328914
2026-04-22 00:00:03,833 | INFO     | 🔐 认证成功，获取 Token。
2026-04-22 00:00:03,835 | INFO     | 🔍 解析目标组 ID...
2026-04-22 00:00:04,584 | INFO     | 📡 正在获取所有启用的用户...
2026-04-22 00:00:04,770 | INFO     | ✅ 成功获取 124 个启用的用户。
2026-04-22 00:00:04,771 | INFO     | 📋 用户统计 | 总计: 124 | 有License: 113
2026-04-22 00:00:04,998 | INFO     | 🔄 组 'SG-Users-Security' | 待添加: 0 | 待移除: 0
2026-04-22 00:00:05,095 | INFO     | 🔄 组 'TH-Users-Security' | 待添加: 0 | 待移除: 0
2026-04-22 00:00:05,250 | INFO     | 🔄 组 'VN-Users-Security' | 待添加: 0 | 待移除: 0
2026-04-22 00:00:05,343 | INFO     | 🔄 组 'MY-Users-Security' | 待添加: 0 | 待移除: 0
2026-04-22 00:00:05,344 | INFO     | 
==================================================
📊 任务完成总结
==================================================
⏱️  运行时长: 2.02 秒
➕ 成功添加: 0
➖ 成功移除: 0
❌ 操作错误: 0
✅ 任务状态: 成功
2026-04-23 00:00:03,259 | INFO     | 🚀 同步任务开始 | 时间: 2026-04-23 00:00:03.259507
2026-04-23 00:00:03,923 | INFO     | 🔐 认证成功，获取 Token。
2026-04-23 00:00:03,924 | INFO     | 🔍 解析目标组 ID...
2026-04-23 00:00:04,678 | INFO     | 📡 正在获取所有启用的用户...
2026-04-23 00:00:04,885 | INFO     | ✅ 成功获取 124 个启用的用户。
2026-04-23 00:00:04,886 | INFO     | 📋 用户统计 | 总计: 124 | 有License: 113
2026-04-23 00:00:05,098 | INFO     | 🔄 组 'SG-Users-Security' | 待添加: 0 | 待移除: 0
2026-04-23 00:00:05,182 | INFO     | 🔄 组 'TH-Users-Security' | 待添加: 0 | 待移除: 0
2026-04-23 00:00:05,316 | INFO     | 🔄 组 'VN-Users-Security' | 待添加: 0 | 待移除: 0
2026-04-23 00:00:05,397 | INFO     | 🔄 组 'MY-Users-Security' | 待添加: 0 | 待移除: 0
2026-04-23 00:00:05,398 | INFO     | 
==================================================
📊 任务完成总结
==================================================
⏱️  运行时长: 2.14 秒
➕ 成功添加: 0
➖ 成功移除: 0
❌ 操作错误: 0
✅ 任务状态: 成功
2026-04-24 00:00:03,446 | INFO     | 🚀 同步任务开始 | 时间: 2026-04-24 00:00:03.446880
2026-04-24 00:00:04,231 | INFO     | 🔐 认证成功，获取 Token。
2026-04-24 00:00:04,232 | INFO     | 🔍 解析目标组 ID...
2026-04-24 00:00:05,004 | INFO     | 📡 正在获取所有启用的用户...
2026-04-24 00:00:05,178 | INFO     | ✅ 成功获取 125 个启用的用户。
2026-04-24 00:00:05,178 | INFO     | 📋 用户统计 | 总计: 125 | 有License: 114
2026-04-24 00:00:05,396 | INFO     | 🔄 组 'SG-Users-Security' | 待添加: 0 | 待移除: 0
2026-04-24 00:00:05,487 | INFO     | 🔄 组 'TH-Users-Security' | 待添加: 1 | 待移除: 0
2026-04-24 00:00:06,810 | INFO     | 🔄 组 'VN-Users-Security' | 待添加: 0 | 待移除: 0
2026-04-24 00:00:06,932 | INFO     | 🔄 组 'MY-Users-Security' | 待添加: 0 | 待移除: 0
2026-04-24 00:00:06,933 | INFO     | 
==================================================
📊 任务完成总结
==================================================
⏱️  运行时长: 3.49 秒
➕ 成功添加: 1
➖ 成功移除: 0
❌ 操作错误: 0
✅ 任务状态: 成功
2026-04-25 00:00:03,419 | INFO     | 🚀 同步任务开始 | 时间: 2026-04-25 00:00:03.418944
2026-04-25 00:00:04,389 | INFO     | 🔐 认证成功，获取 Token。
2026-04-25 00:00:04,443 | INFO     | 🔍 解析目标组 ID...
2026-04-25 00:00:05,036 | INFO     | 📡 正在获取所有启用的用户...
2026-04-25 00:00:05,251 | INFO     | ✅ 成功获取 125 个启用的用户。
2026-04-25 00:00:05,252 | INFO     | 📋 用户统计 | 总计: 125 | 有License: 114
2026-04-25 00:00:05,473 | INFO     | 🔄 组 'SG-Users-Security' | 待添加: 0 | 待移除: 0
2026-04-25 00:00:05,536 | INFO     | 🔄 组 'TH-Users-Security' | 待添加: 0 | 待移除: 0
2026-04-25 00:00:05,734 | INFO     | 🔄 组 'VN-Users-Security' | 待添加: 0 | 待移除: 0
2026-04-25 00:00:05,828 | INFO     | 🔄 组 'MY-Users-Security' | 待添加: 0 | 待移除: 0
2026-04-25 00:00:05,829 | INFO     | 
==================================================
📊 任务完成总结
==================================================
⏱️  运行时长: 2.41 秒
➕ 成功添加: 0
➖ 成功移除: 0
❌ 操作错误: 0
✅ 任务状态: 成功
2026-04-26 00:00:02,765 | INFO     | 🚀 同步任务开始 | 时间: 2026-04-26 00:00:02.765348
2026-04-26 00:00:03,411 | INFO     | 🔐 认证成功，获取 Token。
2026-04-26 00:00:03,412 | INFO     | 🔍 解析目标组 ID...
2026-04-26 00:00:04,258 | INFO     | 📡 正在获取所有启用的用户...
2026-04-26 00:00:04,422 | INFO     | ✅ 成功获取 125 个启用的用户。
2026-04-26 00:00:04,423 | INFO     | 📋 用户统计 | 总计: 125 | 有License: 114
2026-04-26 00:00:04,669 | INFO     | 🔄 组 'SG-Users-Security' | 待添加: 0 | 待移除: 0
2026-04-26 00:00:04,808 | INFO     | 🔄 组 'TH-Users-Security' | 待添加: 0 | 待移除: 0
2026-04-26 00:00:04,895 | INFO     | 🔄 组 'VN-Users-Security' | 待添加: 0 | 待移除: 0
2026-04-26 00:00:05,063 | INFO     | 🔄 组 'MY-Users-Security' | 待添加: 0 | 待移除: 0
2026-04-26 00:00:05,064 | INFO     | 
==================================================
📊 任务完成总结
==================================================
⏱️  运行时长: 2.30 秒
➕ 成功添加: 0
➖ 成功移除: 0
❌ 操作错误: 0
✅ 任务状态: 成功
2026-04-27 00:00:02,785 | INFO     | 🚀 同步任务开始 | 时间: 2026-04-27 00:00:02.784993
2026-04-27 00:00:03,514 | INFO     | 🔐 认证成功，获取 Token。
2026-04-27 00:00:03,515 | INFO     | 🔍 解析目标组 ID...
2026-04-27 00:00:04,257 | INFO     | 📡 正在获取所有启用的用户...
2026-04-27 00:00:04,428 | INFO     | ✅ 成功获取 125 个启用的用户。
2026-04-27 00:00:04,429 | INFO     | 📋 用户统计 | 总计: 125 | 有License: 114
2026-04-27 00:00:04,610 | INFO     | 🔄 组 'SG-Users-Security' | 待添加: 0 | 待移除: 0
2026-04-27 00:00:04,748 | INFO     | 🔄 组 'TH-Users-Security' | 待添加: 0 | 待移除: 0
2026-04-27 00:00:04,837 | INFO     | 🔄 组 'VN-Users-Security' | 待添加: 0 | 待移除: 0
2026-04-27 00:00:05,000 | INFO     | 🔄 组 'MY-Users-Security' | 待添加: 0 | 待移除: 0
2026-04-27 00:00:05,001 | INFO     | 
==================================================
📊 任务完成总结
==================================================
⏱️  运行时长: 2.22 秒
➕ 成功添加: 0
➖ 成功移除: 0
❌ 操作错误: 0
✅ 任务状态: 成功
2026-04-28 00:00:03,480 | INFO     | 🚀 同步任务开始 | 时间: 2026-04-28 00:00:03.480049
2026-04-28 00:00:03,963 | INFO     | 🔐 认证成功，获取 Token。
2026-04-28 00:00:03,964 | INFO     | 🔍 解析目标组 ID...
2026-04-28 00:00:04,592 | INFO     | 📡 正在获取所有启用的用户...
2026-04-28 00:00:04,778 | INFO     | ✅ 成功获取 125 个启用的用户。
2026-04-28 00:00:04,778 | INFO     | 📋 用户统计 | 总计: 125 | 有License: 114
2026-04-28 00:00:04,980 | INFO     | 🔄 组 'SG-Users-Security' | 待添加: 0 | 待移除: 0
2026-04-28 00:00:05,104 | INFO     | 🔄 组 'TH-Users-Security' | 待添加: 0 | 待移除: 0
2026-04-28 00:00:05,181 | INFO     | 🔄 组 'VN-Users-Security' | 待添加: 0 | 待移除: 0
2026-04-28 00:00:05,353 | INFO     | 🔄 组 'MY-Users-Security' | 待添加: 0 | 待移除: 0
2026-04-28 00:00:05,354 | INFO     | 
==================================================
📊 任务完成总结
==================================================
⏱️  运行时长: 1.87 秒
➕ 成功添加: 0
➖ 成功移除: 0
❌ 操作错误: 0
✅ 任务状态: 成功
2026-04-29 00:00:03,063 | INFO     | 🚀 同步任务开始 | 时间: 2026-04-29 00:00:03.063160
2026-04-29 00:00:03,732 | INFO     | 🔐 认证成功，获取 Token。
2026-04-29 00:00:03,734 | INFO     | 🔍 解析目标组 ID...
2026-04-29 00:00:04,527 | INFO     | 📡 正在获取所有启用的用户...
2026-04-29 00:00:04,666 | INFO     | ✅ 成功获取 125 个启用的用户。
2026-04-29 00:00:04,667 | INFO     | 📋 用户统计 | 总计: 125 | 有License: 114
2026-04-29 00:00:04,887 | INFO     | 🔄 组 'SG-Users-Security' | 待添加: 0 | 待移除: 0
2026-04-29 00:00:04,964 | INFO     | 🔄 组 'TH-Users-Security' | 待添加: 0 | 待移除: 0
2026-04-29 00:00:05,115 | INFO     | 🔄 组 'VN-Users-Security' | 待添加: 0 | 待移除: 0
2026-04-29 00:00:05,290 | INFO     | 🔄 组 'MY-Users-Security' | 待添加: 0 | 待移除: 0
2026-04-29 00:00:05,291 | INFO     | 
==================================================
📊 任务完成总结
==================================================
⏱️  运行时长: 2.23 秒
➕ 成功添加: 0
➖ 成功移除: 0
❌ 操作错误: 0
✅ 任务状态: 成功
2026-04-30 00:00:03,045 | INFO     | 🚀 同步任务开始 | 时间: 2026-04-30 00:00:03.045825
2026-04-30 00:00:03,760 | INFO     | 🔐 认证成功，获取 Token。
2026-04-30 00:00:03,761 | INFO     | 🔍 解析目标组 ID...
2026-04-30 00:00:04,418 | INFO     | 📡 正在获取所有启用的用户...
2026-04-30 00:00:04,600 | INFO     | ✅ 成功获取 125 个启用的用户。
2026-04-30 00:00:04,601 | INFO     | 📋 用户统计 | 总计: 125 | 有License: 114
2026-04-30 00:00:04,811 | INFO     | 🔄 组 'SG-Users-Security' | 待添加: 0 | 待移除: 0
2026-04-30 00:00:04,903 | INFO     | 🔄 组 'TH-Users-Security' | 待添加: 0 | 待移除: 0
2026-04-30 00:00:05,052 | INFO     | 🔄 组 'VN-Users-Security' | 待添加: 0 | 待移除: 0
2026-04-30 00:00:05,186 | INFO     | 🔄 组 'MY-Users-Security' | 待添加: 0 | 待移除: 0
2026-04-30 00:00:05,187 | INFO     | 
==================================================
📊 任务完成总结
==================================================
⏱️  运行时长: 2.14 秒
➕ 成功添加: 0
➖ 成功移除: 0
❌ 操作错误: 0
✅ 任务状态: 成功
